0 2.89 wget --quiet http://mirror.lzu.edu.cn/CTAN/indexing/forindex.zip
0 3.41 wget --quiet http://ctan.epst-tlemcen.dz/tex-archive/indexing/forindex.zip
0 3.78 wget --quiet http://ftp.leg.uct.ac.za/pub/packages/ctan/indexing/forindex.zip
Command exited with non-zero status 4
4 0.31 wget --quiet http://ftp.ktug.org/tex-archive/indexing/forindex.zip
0 3.18 wget --quiet http://mirrors.huaweicloud.com/repository/toolkit/CTAN/indexing/forindex.zip
0 2.63 wget --quiet http://ctan.imsc.res.in/indexing/forindex.zip
0 1.55 wget --quiet http://ftp.jaist.ac.jp/pub/CTAN/indexing/forindex.zip
0 2.31 wget --quiet http://download.nus.edu.sg/mirror/ctan/indexing/forindex.zip
0 2.52 wget --quiet http://ctan.asis.ai/indexing/forindex.zip
0 2.35 wget --quiet http://mirror.datacenter.by/pub/mirrors/CTAN/indexing/forindex.zip
0 1.43 wget --quiet http://mirrors.dotsrc.org/ctan/indexing/forindex.zip
0 1.31 wget --quiet http://ctan.space-pro.be/tex-archive/indexing/forindex.zip
0 1.66 wget --quiet http://ftp.fernuni-hagen.de/ftp-dir/pub/mirrors/www.ctan.org/indexing/forindex.zip
Command exited with non-zero status 8
8 0.69 wget --quiet http://mirror.physik-pool.tu-berlin.de/tex-archive/indexing/forindex.zip
0 1.11 wget --quiet http://ftp.heanet.ie/mirrors/ctan.org/tex/indexing/forindex.zip
0 1.42 wget --quiet http://ctan.mines-albi.fr/indexing/forindex.zip
0 1.17 wget --quiet http://mirrors.standaloneinstaller.com/ctan/indexing/forindex.zip
0 13.54 wget --quiet http://mirrors.ustc.edu.cn/CTAN/indexing/forindex.zip
0 4.17 wget --quiet http://mirror.ibcp.fr/pub/CTAN/indexing/forindex.zip
0 2.40 wget --quiet http://mirror.koddos.net/CTAN/indexing/forindex.zip
0 3.50 wget --quiet http://ctan.cs.uu.nl/indexing/forindex.zip
0 1.23 wget --quiet http://ftp.eq.uc.pt/software/TeX/indexing/forindex.zip
0 1.27 wget --quiet http://www.pirbot.com/mirrors/ctan/indexing/forindex.zip
0 1.50 wget --quiet http://ftp.acc.umu.se/mirror/CTAN/indexing/forindex.zip
0 2.08 wget --quiet http://ftp.cc.uoc.gr/mirrors/CTAN/indexing/forindex.zip
0 0.82 wget --quiet http://ctan.math.ca/tex-archive/indexing/forindex.zip
0 0.60 wget --quiet http://muug.ca/mirror/ctan/indexing/forindex.zip
0 3.00 wget --quiet http://mirrors.mi.ras.ru/CTAN/indexing/forindex.zip
0 0.99 wget --quiet http://ctan.math.utah.edu/ctan/tex-archive/indexing/forindex.zip
0 0.75 wget --quiet http://mirror.utexas.edu/ctan/indexing/forindex.zip
0 1.64 wget --quiet http://ftp.math.purdue.edu/mirrors/ctan.org/indexing/forindex.zip
0 0.67 wget --quiet http://mirrors.rit.edu/CTAN/indexing/forindex.zip
Command exited with non-zero status 8
8 1.34 wget --quiet http://mirror.lagoon.nc/ctan/indexing/forindex.zip
